  [1m[36m (49.7ms)[0m  [1mCREATE TABLE "schema_migrations" ("version" character varying NOT NULL) [0m
  [1m[35m (53.3ms)[0m  CREATE UNIQUE INDEX  "unique_schema_migrations" ON "schema_migrations"  ("version")
  [1m[36mActiveRecord::SchemaMigration Load (0.2ms)[0m  [1mSELECT "schema_migrations".* FROM "schema_migrations"[0m
Migrating to CreateBooks (20170503110516)
  [1m[35m (0.1ms)[0m  BEGIN
  [1m[36m (0.1ms)[0m  [1mROLLBACK[0m
  [1m[36mActiveRecord::SchemaMigration Load (0.4ms)[0m  [1mSELECT "schema_migrations".* FROM "schema_migrations"[0m
Migrating to CreateBooks (20170503110516)
  [1m[35m (0.1ms)[0m  BEGIN
  [1m[36m (0.1ms)[0m  [1mROLLBACK[0m
  [1m[36mActiveRecord::SchemaMigration Load (0.5ms)[0m  [1mSELECT "schema_migrations".* FROM "schema_migrations"[0m
Migrating to CreateBooks (20170503110516)
  [1m[35m (0.1ms)[0m  BEGIN
  [1m[36m (0.1ms)[0m  [1mROLLBACK[0m


Started GET "/" for 127.0.0.1 at 2017-05-03 16:44:11 +0530
  [1m[36mActiveRecord::SchemaMigration Load (0.3ms)[0m  [1mSELECT "schema_migrations".* FROM "schema_migrations"[0m

ActiveRecord::PendingMigrationError (

Migrations are pending. To resolve this issue, run:

	bin/rake db:migrate RAILS_ENV=development

):
  activerecord (4.2.6) lib/active_record/migration.rb:392:in `check_pending!'
  activerecord (4.2.6) lib/active_record/migration.rb:373:in `call'
  actionpack (4.2.6) lib/action_dispatch/middleware/callbacks.rb:29:in `block in call'
  activesupport (4.2.6) lib/active_support/callbacks.rb:88:in `__run_callbacks__'
  activesupport (4.2.6) lib/active_support/callbacks.rb:778:in `_run_call_callbacks'
  activesupport (4.2.6) lib/active_support/callbacks.rb:81:in `run_callbacks'
  actionpack (4.2.6) lib/action_dispatch/middleware/callbacks.rb:27:in `call'
  actionpack (4.2.6) lib/action_dispatch/middleware/reloader.rb:73:in `call'
  actionpack (4.2.6) lib/action_dispatch/middleware/remote_ip.rb:78:in `call'
  actionpack (4.2.6) lib/action_dispatch/middleware/debug_exceptions.rb:17:in `call'
  web-console (2.3.0) lib/web_console/middleware.rb:28:in `block in call'
  web-console (2.3.0) lib/web_console/middleware.rb:18:in `catch'
  web-console (2.3.0) lib/web_console/middleware.rb:18:in `call'
  actionpack (4.2.6) lib/action_dispatch/middleware/show_exceptions.rb:30:in `call'
  railties (4.2.6) lib/rails/rack/logger.rb:38:in `call_app'
  railties (4.2.6) lib/rails/rack/logger.rb:20:in `block in call'
  activesupport (4.2.6) lib/active_support/tagged_logging.rb:68:in `block in tagged'
  activesupport (4.2.6) lib/active_support/tagged_logging.rb:26:in `tagged'
  activesupport (4.2.6) lib/active_support/tagged_logging.rb:68:in `tagged'
  railties (4.2.6) lib/rails/rack/logger.rb:20:in `call'
  actionpack (4.2.6) lib/action_dispatch/middleware/request_id.rb:21:in `call'
  rack (1.6.5) lib/rack/methodoverride.rb:22:in `call'
  rack (1.6.5) lib/rack/runtime.rb:18:in `call'
  activesupport (4.2.6) lib/active_support/cache/strategy/local_cache_middleware.rb:28:in `call'
  rack (1.6.5) lib/rack/lock.rb:17:in `call'
  actionpack (4.2.6) lib/action_dispatch/middleware/static.rb:120:in `call'
  rack (1.6.5) lib/rack/sendfile.rb:113:in `call'
  railties (4.2.6) lib/rails/engine.rb:518:in `call'
  railties (4.2.6) lib/rails/application.rb:165:in `call'
  rack (1.6.5) lib/rack/lock.rb:17:in `call'
  rack (1.6.5) lib/rack/content_length.rb:15:in `call'
  rack (1.6.5) lib/rack/handler/webrick.rb:88:in `service'
  /home/kk/.rvm/rubies/ruby-2.2.6/lib/ruby/2.2.0/webrick/httpserver.rb:138:in `service'
  /home/kk/.rvm/rubies/ruby-2.2.6/lib/ruby/2.2.0/webrick/httpserver.rb:94:in `run'
  /home/kk/.rvm/rubies/ruby-2.2.6/lib/ruby/2.2.0/webrick/server.rb:294:in `block in start_thread'


  Rendered /home/kk/.rvm/gems/ruby-2.2.6@store_front/gems/actionpack-4.2.6/lib/action_dispatch/middleware/templates/rescues/_source.erb (2.3ms)
  Rendered /home/kk/.rvm/gems/ruby-2.2.6@store_front/gems/actionpack-4.2.6/lib/action_dispatch/middleware/templates/rescues/_trace.html.erb (1.5ms)
  Rendered /home/kk/.rvm/gems/ruby-2.2.6@store_front/gems/actionpack-4.2.6/lib/action_dispatch/middleware/templates/rescues/_request_and_response.html.erb (1.8ms)
  Rendered /home/kk/.rvm/gems/ruby-2.2.6@store_front/gems/actionpack-4.2.6/lib/action_dispatch/middleware/templates/rescues/diagnostics.html.erb within rescues/layout (25.6ms)
  Rendered /home/kk/.rvm/gems/ruby-2.2.6@store_front/gems/web-console-2.3.0/lib/web_console/templates/_markup.html.erb (0.4ms)
  Rendered /home/kk/.rvm/gems/ruby-2.2.6@store_front/gems/web-console-2.3.0/lib/web_console/templates/_inner_console_markup.html.erb within layouts/inlined_string (0.6ms)
  Rendered /home/kk/.rvm/gems/ruby-2.2.6@store_front/gems/web-console-2.3.0/lib/web_console/templates/_prompt_box_markup.html.erb within layouts/inlined_string (0.3ms)
  Rendered /home/kk/.rvm/gems/ruby-2.2.6@store_front/gems/web-console-2.3.0/lib/web_console/templates/style.css.erb within layouts/inlined_string (0.5ms)
  Rendered /home/kk/.rvm/gems/ruby-2.2.6@store_front/gems/web-console-2.3.0/lib/web_console/templates/console.js.erb within layouts/javascript (37.8ms)
  Rendered /home/kk/.rvm/gems/ruby-2.2.6@store_front/gems/web-console-2.3.0/lib/web_console/templates/main.js.erb within layouts/javascript (1.0ms)
  Rendered /home/kk/.rvm/gems/ruby-2.2.6@store_front/gems/web-console-2.3.0/lib/web_console/templates/error_page.js.erb within layouts/javascript (0.4ms)
  Rendered /home/kk/.rvm/gems/ruby-2.2.6@store_front/gems/web-console-2.3.0/lib/web_console/templates/index.html.erb (60.7ms)
  [1m[36mActiveRecord::SchemaMigration Load (0.3ms)[0m  [1mSELECT "schema_migrations".* FROM "schema_migrations"[0m
Migrating to CreateBooks (20170503111008)
  [1m[35m (0.1ms)[0m  BEGIN
  [1m[36m (100.6ms)[0m  [1mCREATE TABLE "books" ("id" serial primary key, "title" character varying, "content" text, "created_at" timestamp NOT NULL, "updated_at" timestamp NOT NULL) [0m
  [1m[35mSQL (0.3ms)[0m  INSERT INTO "schema_migrations" ("version") VALUES ($1)  [["version", "20170503111008"]]
  [1m[36m (18.6ms)[0m  [1mCOMMIT[0m
  [1m[35mActiveRecord::SchemaMigration Load (0.3ms)[0m  SELECT "schema_migrations".* FROM "schema_migrations"
  [1m[36m (2.1ms)[0m  [1mSELECT t2.oid::regclass::text AS to_table, a1.attname AS column, a2.attname AS primary_key, c.conname AS name, c.confupdtype AS on_update, c.confdeltype AS on_delete
FROM pg_constraint c
JOIN pg_class t1 ON c.conrelid = t1.oid
JOIN pg_class t2 ON c.confrelid = t2.oid
JOIN pg_attribute a1 ON a1.attnum = c.conkey[1] AND a1.attrelid = t1.oid
JOIN pg_attribute a2 ON a2.attnum = c.confkey[1] AND a2.attrelid = t2.oid
JOIN pg_namespace t3 ON c.connamespace = t3.oid
WHERE c.contype = 'f'
  AND t1.relname = 'books'
  AND t3.nspname = ANY (current_schemas(false))
ORDER BY c.conname
[0m


Started GET "/" for 127.0.0.1 at 2017-05-03 16:44:28 +0530
  [1m[35mActiveRecord::SchemaMigration Load (0.2ms)[0m  SELECT "schema_migrations".* FROM "schema_migrations"
Processing by Rails::WelcomeController#index as HTML
  Rendered /home/kk/.rvm/gems/ruby-2.2.6@store_front/gems/railties-4.2.6/lib/rails/templates/rails/welcome/index.html.erb (0.9ms)
Completed 200 OK in 23ms (Views: 16.1ms | ActiveRecord: 0.0ms)


Started GET "/book" for 127.0.0.1 at 2017-05-03 16:44:36 +0530

ActionController::RoutingError (No route matches [GET] "/book"):
  actionpack (4.2.6) lib/action_dispatch/middleware/debug_exceptions.rb:21:in `call'
  web-console (2.3.0) lib/web_console/middleware.rb:28:in `block in call'
  web-console (2.3.0) lib/web_console/middleware.rb:18:in `catch'
  web-console (2.3.0) lib/web_console/middleware.rb:18:in `call'
  actionpack (4.2.6) lib/action_dispatch/middleware/show_exceptions.rb:30:in `call'
  railties (4.2.6) lib/rails/rack/logger.rb:38:in `call_app'
  railties (4.2.6) lib/rails/rack/logger.rb:20:in `block in call'
  activesupport (4.2.6) lib/active_support/tagged_logging.rb:68:in `block in tagged'
  activesupport (4.2.6) lib/active_support/tagged_logging.rb:26:in `tagged'
  activesupport (4.2.6) lib/active_support/tagged_logging.rb:68:in `tagged'
  railties (4.2.6) lib/rails/rack/logger.rb:20:in `call'
  actionpack (4.2.6) lib/action_dispatch/middleware/request_id.rb:21:in `call'
  rack (1.6.5) lib/rack/methodoverride.rb:22:in `call'
  rack (1.6.5) lib/rack/runtime.rb:18:in `call'
  activesupport (4.2.6) lib/active_support/cache/strategy/local_cache_middleware.rb:28:in `call'
  rack (1.6.5) lib/rack/lock.rb:17:in `call'
  actionpack (4.2.6) lib/action_dispatch/middleware/static.rb:120:in `call'
  rack (1.6.5) lib/rack/sendfile.rb:113:in `call'
  railties (4.2.6) lib/rails/engine.rb:518:in `call'
  railties (4.2.6) lib/rails/application.rb:165:in `call'
  rack (1.6.5) lib/rack/lock.rb:17:in `call'
  rack (1.6.5) lib/rack/content_length.rb:15:in `call'
  rack (1.6.5) lib/rack/handler/webrick.rb:88:in `service'
  /home/kk/.rvm/rubies/ruby-2.2.6/lib/ruby/2.2.0/webrick/httpserver.rb:138:in `service'
  /home/kk/.rvm/rubies/ruby-2.2.6/lib/ruby/2.2.0/webrick/httpserver.rb:94:in `run'
  /home/kk/.rvm/rubies/ruby-2.2.6/lib/ruby/2.2.0/webrick/server.rb:294:in `block in start_thread'


  Rendered /home/kk/.rvm/gems/ruby-2.2.6@store_front/gems/actionpack-4.2.6/lib/action_dispatch/middleware/templates/rescues/_trace.html.erb (1.0ms)
  Rendered /home/kk/.rvm/gems/ruby-2.2.6@store_front/gems/actionpack-4.2.6/lib/action_dispatch/middleware/templates/routes/_route.html.erb (1.1ms)
  Rendered /home/kk/.rvm/gems/ruby-2.2.6@store_front/gems/actionpack-4.2.6/lib/action_dispatch/middleware/templates/routes/_table.html.erb (64.2ms)
  Rendered /home/kk/.rvm/gems/ruby-2.2.6@store_front/gems/actionpack-4.2.6/lib/action_dispatch/middleware/templates/rescues/_request_and_response.html.erb (1.3ms)
  Rendered /home/kk/.rvm/gems/ruby-2.2.6@store_front/gems/actionpack-4.2.6/lib/action_dispatch/middleware/templates/rescues/routing_error.html.erb within rescues/layout (106.5ms)
  Rendered /home/kk/.rvm/gems/ruby-2.2.6@store_front/gems/web-console-2.3.0/lib/web_console/templates/_markup.html.erb (0.3ms)
  Rendered /home/kk/.rvm/gems/ruby-2.2.6@store_front/gems/web-console-2.3.0/lib/web_console/templates/_inner_console_markup.html.erb within layouts/inlined_string (0.3ms)
  Rendered /home/kk/.rvm/gems/ruby-2.2.6@store_front/gems/web-console-2.3.0/lib/web_console/templates/_prompt_box_markup.html.erb within layouts/inlined_string (0.4ms)
  Rendered /home/kk/.rvm/gems/ruby-2.2.6@store_front/gems/web-console-2.3.0/lib/web_console/templates/style.css.erb within layouts/inlined_string (0.4ms)
  Rendered /home/kk/.rvm/gems/ruby-2.2.6@store_front/gems/web-console-2.3.0/lib/web_console/templates/console.js.erb within layouts/javascript (17.9ms)
  Rendered /home/kk/.rvm/gems/ruby-2.2.6@store_front/gems/web-console-2.3.0/lib/web_console/templates/main.js.erb within layouts/javascript (0.9ms)
  Rendered /home/kk/.rvm/gems/ruby-2.2.6@store_front/gems/web-console-2.3.0/lib/web_console/templates/error_page.js.erb within layouts/javascript (1.1ms)
  Rendered /home/kk/.rvm/gems/ruby-2.2.6@store_front/gems/web-console-2.3.0/lib/web_console/templates/index.html.erb (39.9ms)


Started GET "/books" for 127.0.0.1 at 2017-05-03 16:44:41 +0530
Processing by BooksController#index as HTML
  [1m[36mBook Load (0.5ms)[0m  [1mSELECT "books".* FROM "books"[0m
  Rendered books/index.html.erb within layouts/application (4.8ms)
Completed 200 OK in 1035ms (Views: 1031.7ms | ActiveRecord: 1.4ms)


Started GET "/assets/scaffolds.self-82b4828ca1fff18a4318bd002a101d9138d061d9991fb97ae8b3797013bb0ace.css?body=1" for 127.0.0.1 at 2017-05-03 16:44:43 +0530


Started GET "/assets/application.self-e80e8f2318043e8af94dddc2adad5a4f09739a8ebb323b3ab31cd71d45fd9113.css?body=1" for 127.0.0.1 at 2017-05-03 16:44:43 +0530


Started GET "/assets/books.self-e3b0c44298fc1c149afbf4c8996fb92427ae41e4649b934ca495991b7852b855.css?body=1" for 127.0.0.1 at 2017-05-03 16:44:43 +0530


Started GET "/assets/turbolinks.self-c5acd7a204f5f25ce7a1d8a0e4d92e28d34c9e2df2c7371cd7af88e147e4ad82.js?body=1" for 127.0.0.1 at 2017-05-03 16:44:43 +0530


Started GET "/assets/jquery.self-bd7ddd393353a8d2480a622e80342adf488fb6006d667e8b42e4c0073393abee.js?body=1" for 127.0.0.1 at 2017-05-03 16:44:43 +0530


Started GET "/assets/books.self-877aef30ae1b040ab8a3aba4e3e309a11d7f2612f44dde450b5c157aa5f95c05.js?body=1" for 127.0.0.1 at 2017-05-03 16:44:43 +0530


Started GET "/assets/jquery_ujs.self-784a997f6726036b1993eb2217c9cb558e1cbb801c6da88105588c56f13b466a.js?body=1" for 127.0.0.1 at 2017-05-03 16:44:43 +0530


Started GET "/assets/application.self-3b8dabdc891efe46b9a144b400ad69e37d7e5876bdc39dee783419a69d7ca819.js?body=1" for 127.0.0.1 at 2017-05-03 16:44:43 +0530


Started GET "/books/new" for 127.0.0.1 at 2017-05-03 16:44:52 +0530
Processing by BooksController#new as HTML
  Rendered books/_form.html.erb (59.5ms)
  Rendered books/new.html.erb within layouts/application (60.6ms)
Completed 200 OK in 82ms (Views: 75.3ms | ActiveRecord: 1.9ms)


Started POST "/books" for 127.0.0.1 at 2017-05-03 16:45:16 +0530
Processing by BooksController#create as HTML
  Parameters: {"utf8"=>"✓", "authenticity_token"=>"3fY4/N4Q620qx+wneBm929HLAyR0Q0kqTXcXWsNd7AEZxOhsaRAbTjBpHXYPPQ2SXjb88BjGPrPDHJgelwxB0Q==", "book"=>{"title"=>"Head First Rails", "content"=>"Learn Rails Tharoughly"}, "commit"=>"Create Book"}
  [1m[35m (0.2ms)[0m  BEGIN
  [1m[36mSQL (0.4ms)[0m  [1mINSERT INTO "books" ("title", "content", "created_at", "updated_at") VALUES ($1, $2, $3, $4) RETURNING "id"[0m  [["title", "Head First Rails"], ["content", "Learn Rails Tharoughly"], ["created_at", "2017-05-03 11:15:16.778203"], ["updated_at", "2017-05-03 11:15:16.778203"]]
  [1m[35m (373.1ms)[0m  COMMIT
Redirected to http://localhost:3000/books/1
Completed 302 Found in 380ms (ActiveRecord: 373.8ms)


Started GET "/books/1" for 127.0.0.1 at 2017-05-03 16:45:17 +0530
Processing by BooksController#show as HTML
  Parameters: {"id"=>"1"}
  [1m[36mBook Load (0.3ms)[0m  [1mSELECT  "books".* FROM "books" WHERE "books"."id" = $1 LIMIT 1[0m  [["id", 1]]
  Rendered books/show.html.erb within layouts/application (2.5ms)
Completed 200 OK in 32ms (Views: 24.6ms | ActiveRecord: 0.3ms)


Started GET "/books" for 127.0.0.1 at 2017-05-03 16:45:21 +0530
Processing by BooksController#index as HTML
  [1m[35mBook Load (0.2ms)[0m  SELECT "books".* FROM "books"
  Rendered books/index.html.erb within layouts/application (4.3ms)
Completed 200 OK in 34ms (Views: 32.5ms | ActiveRecord: 0.2ms)


Started GET "/books/1/edit" for 127.0.0.1 at 2017-05-03 16:45:23 +0530
Processing by BooksController#edit as HTML
  Parameters: {"id"=>"1"}
  [1m[36mBook Load (0.6ms)[0m  [1mSELECT  "books".* FROM "books" WHERE "books"."id" = $1 LIMIT 1[0m  [["id", 1]]
  Rendered books/_form.html.erb (2.5ms)
  Rendered books/edit.html.erb within layouts/application (4.2ms)
Completed 200 OK in 33ms (Views: 30.8ms | ActiveRecord: 0.6ms)


Started PATCH "/books/1" for 127.0.0.1 at 2017-05-03 16:45:34 +0530
Processing by BooksController#update as HTML
  Parameters: {"utf8"=>"✓", "authenticity_token"=>"wFMMoE71Vt5EwiWKuXZZbW7xPLjuxoQ4kj+lckGun48EYdww+fWm/V5s1NvOUukk4QzDbIJD86EcVCo2Ff8yXw==", "book"=>{"title"=>"Head First Rails", "content"=>"Learn Rails thoroughly"}, "commit"=>"Update Book", "id"=>"1"}
  [1m[35mBook Load (0.3ms)[0m  SELECT  "books".* FROM "books" WHERE "books"."id" = $1 LIMIT 1  [["id", 1]]
  [1m[36m (0.1ms)[0m  [1mBEGIN[0m
  [1m[35mSQL (0.2ms)[0m  UPDATE "books" SET "content" = $1, "updated_at" = $2 WHERE "books"."id" = $3  [["content", "Learn Rails thoroughly"], ["updated_at", "2017-05-03 11:15:34.129625"], ["id", 1]]
  [1m[36m (47.6ms)[0m  [1mCOMMIT[0m
Redirected to http://localhost:3000/books/1
Completed 302 Found in 55ms (ActiveRecord: 48.2ms)


Started GET "/books/1" for 127.0.0.1 at 2017-05-03 16:45:34 +0530
Processing by BooksController#show as HTML
  Parameters: {"id"=>"1"}
  [1m[35mBook Load (0.3ms)[0m  SELECT  "books".* FROM "books" WHERE "books"."id" = $1 LIMIT 1  [["id", 1]]
  Rendered books/show.html.erb within layouts/application (0.6ms)
Completed 200 OK in 16ms (Views: 14.7ms | ActiveRecord: 0.3ms)


Started GET "/books" for 127.0.0.1 at 2017-05-03 16:45:37 +0530
Processing by BooksController#index as HTML
  [1m[36mBook Load (0.3ms)[0m  [1mSELECT "books".* FROM "books"[0m
  Rendered books/index.html.erb within layouts/application (2.0ms)
Completed 200 OK in 30ms (Views: 29.3ms | ActiveRecord: 0.3ms)


Started GET "/books/1/edit" for 127.0.0.1 at 2017-05-03 17:51:52 +0530
Processing by BooksController#edit as HTML
  Parameters: {"id"=>"1"}
  [1m[35mBook Load (0.3ms)[0m  SELECT  "books".* FROM "books" WHERE "books"."id" = $1 LIMIT 1  [["id", 1]]
  Rendered books/_form.html.erb (1.8ms)
  Rendered books/edit.html.erb within layouts/application (2.5ms)
Completed 200 OK in 25ms (Views: 16.0ms | ActiveRecord: 1.9ms)


Started PATCH "/books/1" for 127.0.0.1 at 2017-05-03 17:51:56 +0530
Processing by BooksController#update as HTML
  Parameters: {"utf8"=>"✓", "authenticity_token"=>"4LsddPtPHUJ05yaRJU3AgaJ8F04/5sr2XeM0NCHyDyMkic3kTE/tYW5J18BSaXDILYHomlNjvW/TiLtwdaOi8w==", "book"=>{"title"=>"", "content"=>"Learn Rails thoroughly"}, "commit"=>"Update Book", "id"=>"1"}
  [1m[36mBook Load (0.3ms)[0m  [1mSELECT  "books".* FROM "books" WHERE "books"."id" = $1 LIMIT 1[0m  [["id", 1]]
  [1m[35m (0.1ms)[0m  BEGIN
  [1m[36m (0.1ms)[0m  [1mROLLBACK[0m
  Rendered books/_form.html.erb (2.0ms)
  Rendered books/edit.html.erb within layouts/application (2.9ms)
Completed 200 OK in 20ms (Views: 15.7ms | ActiveRecord: 0.5ms)


Started PATCH "/books/1" for 127.0.0.1 at 2017-05-03 17:54:17 +0530
Processing by BooksController#update as HTML
  Parameters: {"utf8"=>"✓", "authenticity_token"=>"O6aM8MDut5N+M9ar/kvK4YYrJ+xdl4AWROd66iB42T3/lFxgd+5HsGSdJ/qJb3qoCdbYODES94/KjPWudCl07Q==", "book"=>{"title"=>"Head First Rails", "content"=>"Learn Rails thoroughly using Head first Rails"}, "commit"=>"Update Book", "id"=>"1"}
  [1m[35mBook Load (0.4ms)[0m  SELECT  "books".* FROM "books" WHERE "books"."id" = $1 LIMIT 1  [["id", 1]]
  [1m[36m (0.1ms)[0m  [1mBEGIN[0m
  [1m[35mSQL (0.3ms)[0m  UPDATE "books" SET "content" = $1, "updated_at" = $2 WHERE "books"."id" = $3  [["content", "Learn Rails thoroughly using Head first Rails"], ["updated_at", "2017-05-03 12:24:17.166818"], ["id", 1]]
  [1m[36m (17.5ms)[0m  [1mCOMMIT[0m
Redirected to http://localhost:3000/books/1
Completed 302 Found in 24ms (ActiveRecord: 18.3ms)


Started GET "/books/1" for 127.0.0.1 at 2017-05-03 17:54:17 +0530
Processing by BooksController#show as HTML
  Parameters: {"id"=>"1"}
  [1m[35mBook Load (0.2ms)[0m  SELECT  "books".* FROM "books" WHERE "books"."id" = $1 LIMIT 1  [["id", 1]]
  Rendered books/show.html.erb within layouts/application (0.3ms)
Completed 200 OK in 15ms (Views: 14.1ms | ActiveRecord: 0.2ms)


Started GET "/books/1/edit" for 127.0.0.1 at 2017-05-03 17:56:38 +0530
Processing by BooksController#edit as HTML
  Parameters: {"id"=>"1"}
  [1m[36mBook Load (0.3ms)[0m  [1mSELECT  "books".* FROM "books" WHERE "books"."id" = $1 LIMIT 1[0m  [["id", 1]]
  Rendered books/_form.html.erb (2.1ms)
  Rendered books/edit.html.erb within layouts/application (2.9ms)
Completed 200 OK in 41ms (Views: 37.0ms | ActiveRecord: 0.3ms)


Started PATCH "/books/1" for 127.0.0.1 at 2017-05-03 17:56:52 +0530
Processing by BooksController#update as HTML
  Parameters: {"utf8"=>"✓", "authenticity_token"=>"GMvIMdRvG5kUemTQSOz60eeHp1CvDr2LdA7DI8j/yJjc+RihY2/rug7UlYE/yEqYaHpYhMOLyhL6ZUxnnK5lSA==", "book"=>{"title"=>"", "content"=>"Learn Rails thoroughly using Head first Rails"}, "commit"=>"Update Book", "id"=>"1"}
  [1m[35mBook Load (0.2ms)[0m  SELECT  "books".* FROM "books" WHERE "books"."id" = $1 LIMIT 1  [["id", 1]]
  [1m[36m (0.1ms)[0m  [1mBEGIN[0m
  [1m[35m (0.2ms)[0m  ROLLBACK
  Rendered books/_form.html.erb (2.0ms)
  Rendered books/edit.html.erb within layouts/application (3.0ms)
Completed 200 OK in 25ms (Views: 18.2ms | ActiveRecord: 0.6ms)
